{"message":"Unauthorized request to path: /bookmarks","level":"error"}
{"message":"Unauthorized request to path: /bookmarks","level":"error"}
{"message":"Unauthorized request to path: /bookmarks/2","level":"error"}
{"message":"Unauthorized request to path: /bookmarks/2","level":"error"}
{"message":"Unauthorized request to path: /bookmarks","level":"error"}
{"message":"Unauthorized request to path: /bookmarks","level":"error"}
{"message":"Unauthorized request to path: /bookmarks","level":"error"}
{"message":"Unauthorized request to path: /bookmarks/123","level":"error"}
{"message":"Unauthorized request to path: /bookmarks/2","level":"error"}
{"message":"Unauthorized request to path: /bookmarks/911","level":"error"}
{"message":"Unauthorized request to path: /bookmarks/123","level":"error"}
{"message":"Unauthorized request to path: /bookmarks/2","level":"error"}
{"message":"Unauthorized request to path: /bookmarks","level":"error"}
{"message":"Unauthorized request to path: /bookmarks","level":"error"}
{"message":"Unauthorized request to path: /bookmarks","level":"error"}
{"message":"Unauthorized request to path: /bookmarks","level":"error"}
{"message":"Unauthorized request to path: /bookmarks","level":"error"}
{"message":"Unauthorized request to path: /bookmarks","level":"error"}
{"message":"Unauthorized request to path: /bookmarks","level":"error"}
{"message":"insert into \"bookmarks\" (\"description\", \"rating\", \"title\", \"url\") values (DEFAULT, $1, $2, $3) returning * - null value in column \"description\" violates not-null constraint","level":"error"}
{"message":"Card with id 2 deleted.","level":"info"}
{"message":"Bookmark with id 123 not found.","level":"error"}
{"message":"Bookmark with id 123 not found.","level":"error"}
{"message":"Card with id 2 deleted.","level":"info"}
{"message":"title is required","level":"error"}
{"message":"url is required","level":"error"}
{"message":"rating is required","level":"error"}
{"message":"Invalid rating 'invalid' supplied","level":"error"}
{"message":"Invalid url 'htp://invalid-url' supplied","level":"error"}
{"message":"Card with id 1 created.","level":"info"}
{"message":"Card with id 1 created.","level":"info"}
{"message":"insert into \"bookmarks\" (\"description\", \"rating\", \"title\", \"url\") values (DEFAULT, $1, $2, $3) returning * - null value in column \"description\" violates not-null constraint","level":"error"}
{"message":"Card with id 2 deleted.","level":"info"}
{"message":"Bookmark with id 123 not found.","level":"error"}
{"message":"Bookmark with id 123 not found.","level":"error"}
{"message":"Card with id 2 deleted.","level":"info"}
{"message":"title is required","level":"error"}
{"message":"url is required","level":"error"}
{"message":"rating is required","level":"error"}
{"message":"Invalid rating 'invalid' supplied","level":"error"}
{"message":"Invalid url 'htp://invalid-url' supplied","level":"error"}
{"message":"Card with id 1 created.","level":"info"}
{"message":"Card with id 1 created.","level":"info"}
{"message":"insert into \"bookmarks\" (\"description\", \"rating\", \"title\", \"url\") values (DEFAULT, $1, $2, $3) returning * - null value in column \"description\" violates not-null constraint","level":"error"}
{"message":"Card with id 2 deleted.","level":"info"}
{"message":"Bookmark with id 123 not found.","level":"error"}
{"message":"Bookmark with id 123 not found.","level":"error"}
{"message":"Card with id 2 deleted.","level":"info"}
{"message":"title is required","level":"error"}
{"message":"url is required","level":"error"}
{"message":"rating is required","level":"error"}
{"message":"Invalid rating 'invalid' supplied","level":"error"}
{"message":"Invalid url 'htp://invalid-url' supplied","level":"error"}
{"message":"Card with id 1 created.","level":"info"}
{"message":"Card with id 1 created.","level":"info"}
{"message":"insert into \"bookmarks\" (\"description\", \"rating\", \"title\", \"url\") values (DEFAULT, $1, $2, $3) returning * - null value in column \"description\" violates not-null constraint","level":"error"}
{"message":"Card with id 2 deleted.","level":"info"}
{"message":"Bookmark with id 123 not found.","level":"error"}
{"message":"Bookmark with id 123 not found.","level":"error"}
{"message":"Card with id 2 deleted.","level":"info"}
{"message":"title is required","level":"error"}
{"message":"url is required","level":"error"}
{"message":"rating is required","level":"error"}
{"message":"Invalid rating 'invalid' supplied","level":"error"}
{"message":"Invalid url 'htp://invalid-url' supplied","level":"error"}
{"message":"Card with id 1 created.","level":"info"}
{"message":"Card with id 1 created.","level":"info"}
